<html xmlns:math="http://exslt.org/math" xmlns:testng="http://testng.org">
   <head>
      <title>New Tours Results</title>
      <meta http-equiv="content-type" content="text/html; charset=utf-8"></meta>
      <meta http-equiv="pragma" content="no-cache"></meta>
      <meta http-equiv="cache-control" content="max-age=0"></meta>
      <meta http-equiv="cache-control" content="no-cache"></meta>
      <meta http-equiv="cache-control" content="no-store"></meta>
      <LINK rel="stylesheet" href="style.css"></LINK>
      <script type="text/javascript" src="main.js"></script>
   </head>
   <body>
      <table width="100%" style="font-size: 16px; margin-bottom: 10px;" cellspacing="1">
         <tr>
            <td width="100%">
               Test case
               
               <b>NewTours - Login</b>
            </td>
            <td style="background-color: #FFBBBB; padding: 3px 3px 3px 0;" align="center">
               <div style="width: 50px;">1</div>
            </td>
            <td style="background-color: lightgreen; padding: 3px 3px 3px 0;" align="center">
               <div style="width: 50px;">1</div>
            </td>
            <td style="background-color: #FFFFBB; padding: 3px 3px 3px 0;" align="center">
               <div style="width: 50px;">0</div>
            </td>
            <td align="center" style="background-color: #eaf0f7; padding: 3px 3px 3px 0;">
               <div style="width: 50px;">2</div>
            </td>
            <td align="center"
                style="font-weight: bold; background-color: #eaf0f7; padding: 3px 3px 3px 0;">
               <div style="width: 50px;">50%</div>
            </td>
         </tr>
      </table>
      <div style="width: 200px;">
         <label for="groupMethodsCheckBox" style="font-weight: bold; margin: 0;">
            <input id="groupMethodsCheckBox" type="checkbox" onclick="switchTestMethodsView(this)"></input>
            Group by class
            
         </label>
         <br></br>
         <label for="methodsFilter_ALL" style="font-weight: bold; margin: 0;">
            <input id="methodsFilter_ALL" type="checkbox"
                   onclick="testMethodsFilterChanged(this, 'ALL')"></input>
            All
            
         </label>
      </div>
      <label for="methodsFilter_FAIL" style="margin-left: 20px;">
         <input id="methodsFilter_FAIL" type="checkbox"
                onclick="testMethodsFilterChanged(this, 'FAIL')"
                checked=""></input>
         Failed
         
      </label>
      <label for="methodsFilter_PASS">
         <input id="methodsFilter_PASS" type="checkbox"
                onclick="testMethodsFilterChanged(this, 'PASS')"
                checked=""></input>
         Passed
         
      </label>
      <label for="methodsFilter_SKIP">
         <input id="methodsFilter_SKIP" type="checkbox"
                onclick="testMethodsFilterChanged(this, 'SKIP')"
                checked=""></input>
         Skipped
         
      </label>
      <label for="methodsFilter_CONF">
         <input id="methodsFilter_CONF" type="checkbox"
                onclick="testMethodsFilterChanged(this, 'CONF')"></input>
         Config
         
      </label>
      <br></br>
      <div id="testMethodsByStatus">
         <table class="testMethodsTable" cellpadding="0" cellspacing="0">
            <tr class="methodsTableHeader">
               <td width="100%">Name</td>
               <td nowrap="true">Started</td>
               <td nowrap="true">Duration</td>
               <td>Exception</td>
            </tr>
            <tr id="login.LoginValidation_f_byStatus_failed_FAIL1_row"
                class="testMethodStatusFAIL">
               <td width="100%" class="firstMethodCell">
                  <a onclick="toggleDetailsVisibility('login.LoginValidation_f_byStatus_failed_FAIL1_details')">f(Welcome: Mercury Tours
                     
                     ,
                     
                     UserNameTwo
                     
                     ,
                     
                     PasswordTwo)
                  </a>
               </td>
               <td nowrap="true">07:37:00</td>
               <td nowrap="true" align="right">7s
                  
               </td>
               <td nowrap="true">
                  <a onclick="toggleDetailsVisibility('login.LoginValidation_f_byStatus_failed_FAIL1_exception')">org.openqa.selenium.NoSuchElementException: 
                     no such element: Unable to locate element: {"method":"link text","selector":"SIGN-OFF"}
                     (Session info: chrome=73.0.3683.103)
                     (Driver info: chromedriver=2.45.615291 (ec3682e3c9061c10f26ea9e5cdcf3c53f3f74387),platform=Windows NT 10.0.17134 x86_64) (WARNING:
                     The server did not provide any stacktrace information)
                     Command duration or timeout: 0 milliseconds
                     For documentation on this error, please visit: https://www.seleniumhq.org/exceptions/no_such_element.html
                     Build info: version: '3.141.59', revision: 'e82be7d358', time: '2018-11-14T08:25:53'
                     System info: host: 'DESKTOP-53SDACD', ip: '192.168.1.20', os.name: 'Windows 10', os.arch: 'amd64', os.version: '10.0', java.version:
                     '1.8.0_121'
                     Driver info: org.openqa.selenium.chrome.ChromeDriver
                     Capabilities {acceptInsecureCerts: false, acceptSslCerts: false, applicationCacheEnabled: false, browserConnectionEnabled:
                     false, browserName: chrome, chrome: {chromedriverVersion: 2.45.615291 (ec3682e3c9061c..., userDataDir: C:\Users\Neel\AppData\Local...},
                     cssSelectorsEnabled: true, databaseEnabled: false, goog:chromeOptions: {debuggerAddress: localhost:54409}, handlesAlerts:
                     true, hasTouchScreen: false, javascriptEnabled: true, locationContextEnabled: true, mobileEmulationEnabled: false, nativeEvents:
                     true, networkConnectionEnabled: false, pageLoadStrategy: normal, platform: XP, platformName: XP, proxy: Proxy(), rotatable:
                     false, setWindowRect: true, strictFileInteractability: false, takesHeapSnapshot: true, takesScreenshot: true, timeouts: {implicit:
                     0, pageLoad: 300000, script: 30000}, unexpectedAlertBehaviour: ignore, unhandledPromptBehavior: ignore, version: 73.0.3683.103,
                     webStorageEnabled: true}
                     Session ID: c19f160bdae69b728a364b4df69c76ff
                     *** Element info: {Using=link text, value=SIGN-OFF}
                     
                  </a>
                   
                  
               </td>
            </tr>
            <tr>
               <td colspan="4" class="detailsBox">
                  <div id="login.LoginValidation_f_byStatus_failed_FAIL1_details"
                       class="testMethodDetails">
                     <div>
                        <b>Name: </b>f
                     </div>
                     <div>
                        <b>Signature: </b>f(java.lang.String, java.lang.String, java.lang.String)[pri:0, instance:login.LoginValidation@42f30e0a]
                     </div>
                     <div>
                        <b>Parameters: </b>
                        
                        Welcome: Mercury Tours
                        
                        ,
                        
                        UserNameTwo
                        
                        ,
                        
                        PasswordTwo
                        
                        
                     </div>
                     <div>
                        <b>Start time: </b>07:37:00
                     </div>
                     <div>
                        <b>End time: </b>07:37:08
                     </div>
                     <div>
                        <b>Duration: </b>7s
                        
                     </div>
                  </div>
               </td>
            </tr>
            <tr>
               <td colspan="4" class="detailsBox">
                  <div id="login.LoginValidation_f_byStatus_failed_FAIL1_exception"
                       class="testMethodDetails">
                     <pre style="padding: 5px; margin: 0;">org.openqa.selenium.NoSuchElementException: no such element: Unable to locate element: {"method":"link text","selector":"SIGN-OFF"}
                        (Session info: chrome=73.0.3683.103)
                        (Driver info: chromedriver=2.45.615291 (ec3682e3c9061c10f26ea9e5cdcf3c53f3f74387),platform=Windows NT 10.0.17134 x86_64) (WARNING:
                        The server did not provide any stacktrace information)
                        Command duration or timeout: 0 milliseconds
                        For documentation on this error, please visit: https://www.seleniumhq.org/exceptions/no_such_element.html
                        Build info: version: '3.141.59', revision: 'e82be7d358', time: '2018-11-14T08:25:53'
                        System info: host: 'DESKTOP-53SDACD', ip: '192.168.1.20', os.name: 'Windows 10', os.arch: 'amd64', os.version: '10.0', java.version:
                        '1.8.0_121'
                        Driver info: org.openqa.selenium.chrome.ChromeDriver
                        Capabilities {acceptInsecureCerts: false, acceptSslCerts: false, applicationCacheEnabled: false, browserConnectionEnabled:
                        false, browserName: chrome, chrome: {chromedriverVersion: 2.45.615291 (ec3682e3c9061c..., userDataDir: C:\Users\Neel\AppData\Local...},
                        cssSelectorsEnabled: true, databaseEnabled: false, goog:chromeOptions: {debuggerAddress: localhost:54409}, handlesAlerts:
                        true, hasTouchScreen: false, javascriptEnabled: true, locationContextEnabled: true, mobileEmulationEnabled: false, nativeEvents:
                        true, networkConnectionEnabled: false, pageLoadStrategy: normal, platform: XP, platformName: XP, proxy: Proxy(), rotatable:
                        false, setWindowRect: true, strictFileInteractability: false, takesHeapSnapshot: true, takesScreenshot: true, timeouts: {implicit:
                        0, pageLoad: 300000, script: 30000}, unexpectedAlertBehaviour: ignore, unhandledPromptBehavior: ignore, version: 73.0.3683.103,
                        webStorageEnabled: true}
                        Session ID: c19f160bdae69b728a364b4df69c76ff
                        *** Element info: {Using=link text, value=SIGN-OFF}
                        	at sun.reflect.NativeConstructorAccessorImpl.newInstance0(Native Method)
                        	at sun.reflect.NativeConstructorAccessorImpl.newInstance(NativeConstructorAccessorImpl.java:62)
                        	at sun.reflect.DelegatingConstructorAccessorImpl.newInstance(DelegatingConstructorAccessorImpl.java:45)
                        	at java.lang.reflect.Constructor.newInstance(Constructor.java:423)
                        	at org.openqa.selenium.remote.ErrorHandler.createThrowable(ErrorHandler.java:214)
                        	at org.openqa.selenium.remote.ErrorHandler.throwIfResponseFailed(ErrorHandler.java:166)
                        	at org.openqa.selenium.remote.http.JsonHttpResponseCodec.reconstructValue(JsonHttpResponseCodec.java:40)
                        	at org.openqa.selenium.remote.http.AbstractHttpResponseCodec.decode(AbstractHttpResponseCodec.java:80)
                        	at org.openqa.selenium.remote.http.AbstractHttpResponseCodec.decode(AbstractHttpResponseCodec.java:44)
                        	at org.openqa.selenium.remote.HttpCommandExecutor.execute(HttpCommandExecutor.java:158)
                        	at org.openqa.selenium.remote.service.DriverCommandExecutor.execute(DriverCommandExecutor.java:83)
                        	at org.openqa.selenium.remote.RemoteWebDriver.execute(RemoteWebDriver.java:552)
                        	at org.openqa.selenium.remote.RemoteWebDriver.findElement(RemoteWebDriver.java:323)
                        	at org.openqa.selenium.remote.RemoteWebDriver.findElementByLinkText(RemoteWebDriver.java:380)
                        	at org.openqa.selenium.By$ByLinkText.findElement(By.java:220)
                        	at org.openqa.selenium.remote.RemoteWebDriver.findElement(RemoteWebDriver.java:315)
                        	at login.LoginValidation.f(LoginValidation.java:40)
                        	at sun.reflect.NativeMethodAccessorImpl.invoke0(Native Method)
                        	at sun.reflect.NativeMethodAccessorImpl.invoke(NativeMethodAccessorImpl.java:62)
                        	at sun.reflect.DelegatingMethodAccessorImpl.invoke(DelegatingMethodAccessorImpl.java:43)
                        	at java.lang.reflect.Method.invoke(Method.java:498)
                        	at org.testng.internal.MethodInvocationHelper.invokeMethod(MethodInvocationHelper.java:80)
                        	at org.testng.internal.Invoker.invokeMethod(Invoker.java:715)
                        	at org.testng.internal.Invoker.invokeTestMethod(Invoker.java:907)
                        	at org.testng.internal.Invoker.invokeTestMethods(Invoker.java:1237)
                        	at org.testng.internal.TestMethodWorker.invokeTestMethods(TestMethodWorker.java:127)
                        	at org.testng.internal.TestMethodWorker.run(TestMethodWorker.java:111)
                        	at org.testng.TestRunner.privateRun(TestRunner.java:767)
                        	at org.testng.TestRunner.run(TestRunner.java:617)
                        	at org.testng.SuiteRunner.runTest(SuiteRunner.java:334)
                        	at org.testng.SuiteRunner.runSequentially(SuiteRunner.java:329)
                        	at org.testng.SuiteRunner.privateRun(SuiteRunner.java:291)
                        	at org.testng.SuiteRunner.run(SuiteRunner.java:240)
                        	at org.testng.SuiteRunnerWorker.runSuite(SuiteRunnerWorker.java:51)
                        	at org.testng.SuiteRunnerWorker.run(SuiteRunnerWorker.java:85)
                        	at org.testng.TestNG.runSuitesSequentially(TestNG.java:1197)
                        	at org.testng.TestNG.runSuitesLocally(TestNG.java:1122)
                        	at org.testng.TestNG.run(TestNG.java:1030)
                        	at org.testng.TestNG.privateMain(TestNG.java:1337)
                        	at org.testng.TestNG.main(TestNG.java:1306)
                     </pre>
                  </div>
               </td>
            </tr>
            <tr id="login.LoginValidation_demoBfrSuite_byStatus_passed_PASS1_row"
                class="testMethodStatusPASS testMethodStatusCONF">
               <td width="100%" class="firstMethodCell">
                  <a onclick="toggleDetailsVisibility('login.LoginValidation_demoBfrSuite_byStatus_passed_PASS1_details')">demoBfrSuite()</a>
               </td>
               <td nowrap="true">07:36:01</td>
               <td nowrap="true" align="right">19s
                  
               </td>
               <td nowrap="true">
                   
                  
               </td>
            </tr>
            <tr>
               <td colspan="4" class="detailsBox">
                  <div id="login.LoginValidation_demoBfrSuite_byStatus_passed_PASS1_details"
                       class="testMethodDetails">
                     <div>
                        <b>Name: </b>demoBfrSuite
                     </div>
                     <div>
                        <b>Signature: </b>demoBfrSuite()[pri:0, instance:login.LoginValidation@42f30e0a]
                     </div>
                     <div>
                        <b>Start time: </b>07:36:01
                     </div>
                     <div>
                        <b>End time: </b>07:36:20
                     </div>
                     <div>
                        <b>Duration: </b>19s
                        
                     </div>
                  </div>
               </td>
            </tr>
            <tr></tr>
            <tr id="login.LoginValidation_f_byStatus_passed_PASS2_row"
                class="testMethodStatusPASS">
               <td width="100%" class="firstMethodCell">
                  <a onclick="toggleDetailsVisibility('login.LoginValidation_f_byStatus_passed_PASS2_details')">f(Welcome: Mercury Tours
                     
                     ,
                     
                     mercury
                     
                     ,
                     
                     mercury)
                  </a>
               </td>
               <td nowrap="true">07:36:20</td>
               <td nowrap="true" align="right">32s
                  
               </td>
               <td nowrap="true">
                   
                  
               </td>
            </tr>
            <tr>
               <td colspan="4" class="detailsBox">
                  <div id="login.LoginValidation_f_byStatus_passed_PASS2_details"
                       class="testMethodDetails">
                     <div>
                        <b>Name: </b>f
                     </div>
                     <div>
                        <b>Signature: </b>f(java.lang.String, java.lang.String, java.lang.String)[pri:0, instance:login.LoginValidation@42f30e0a]
                     </div>
                     <div>
                        <b>Parameters: </b>
                        
                        Welcome: Mercury Tours
                        
                        ,
                        
                        mercury
                        
                        ,
                        
                        mercury
                        
                        
                     </div>
                     <div>
                        <b>Start time: </b>07:36:20
                     </div>
                     <div>
                        <b>End time: </b>07:36:53
                     </div>
                     <div>
                        <b>Duration: </b>32s
                        
                     </div>
                  </div>
               </td>
            </tr>
            <tr></tr>
            <tr id="login.LoginValidation_demoAftSuite_byStatus_passed_PASS3_row"
                class="testMethodStatusPASS testMethodStatusCONF">
               <td width="100%" class="firstMethodCell">
                  <a onclick="toggleDetailsVisibility('login.LoginValidation_demoAftSuite_byStatus_passed_PASS3_details')">demoAftSuite()</a>
               </td>
               <td nowrap="true">07:36:53</td>
               <td nowrap="true" align="right">459 ms
                  
               </td>
               <td nowrap="true">
                   
                  
               </td>
            </tr>
            <tr>
               <td colspan="4" class="detailsBox">
                  <div id="login.LoginValidation_demoAftSuite_byStatus_passed_PASS3_details"
                       class="testMethodDetails">
                     <div>
                        <b>Name: </b>demoAftSuite
                     </div>
                     <div>
                        <b>Signature: </b>demoAftSuite()[pri:0, instance:login.LoginValidation@42f30e0a]
                     </div>
                     <div>
                        <b>Start time: </b>07:36:53
                     </div>
                     <div>
                        <b>End time: </b>07:36:53
                     </div>
                     <div>
                        <b>Duration: </b>459 ms
                        
                     </div>
                  </div>
               </td>
            </tr>
            <tr></tr>
            <tr id="login.LoginValidation_demoBfrSuite_byStatus_passed_PASS4_row"
                class="testMethodStatusPASS testMethodStatusCONF">
               <td width="100%" class="firstMethodCell">
                  <a onclick="toggleDetailsVisibility('login.LoginValidation_demoBfrSuite_byStatus_passed_PASS4_details')">demoBfrSuite()</a>
               </td>
               <td nowrap="true">07:36:53</td>
               <td nowrap="true" align="right">7s
                  
               </td>
               <td nowrap="true">
                   
                  
               </td>
            </tr>
            <tr>
               <td colspan="4" class="detailsBox">
                  <div id="login.LoginValidation_demoBfrSuite_byStatus_passed_PASS4_details"
                       class="testMethodDetails">
                     <div>
                        <b>Name: </b>demoBfrSuite
                     </div>
                     <div>
                        <b>Signature: </b>demoBfrSuite()[pri:0, instance:login.LoginValidation@42f30e0a]
                     </div>
                     <div>
                        <b>Start time: </b>07:36:53
                     </div>
                     <div>
                        <b>End time: </b>07:37:00
                     </div>
                     <div>
                        <b>Duration: </b>7s
                        
                     </div>
                  </div>
               </td>
            </tr>
            <tr></tr>
            <tr id="login.LoginValidation_demoAftSuite_byStatus_passed_PASS5_row"
                class="testMethodStatusPASS testMethodStatusCONF">
               <td width="100%" class="firstMethodCell">
                  <a onclick="toggleDetailsVisibility('login.LoginValidation_demoAftSuite_byStatus_passed_PASS5_details')">demoAftSuite()</a>
               </td>
               <td nowrap="true">07:37:08</td>
               <td nowrap="true" align="right">224 ms
                  
               </td>
               <td nowrap="true">
                   
                  
               </td>
            </tr>
            <tr>
               <td colspan="4" class="detailsBox">
                  <div id="login.LoginValidation_demoAftSuite_byStatus_passed_PASS5_details"
                       class="testMethodDetails">
                     <div>
                        <b>Name: </b>demoAftSuite
                     </div>
                     <div>
                        <b>Signature: </b>demoAftSuite()[pri:0, instance:login.LoginValidation@42f30e0a]
                     </div>
                     <div>
                        <b>Start time: </b>07:37:08
                     </div>
                     <div>
                        <b>End time: </b>07:37:08
                     </div>
                     <div>
                        <b>Duration: </b>224 ms
                        
                     </div>
                  </div>
               </td>
            </tr>
            <tr></tr>
         </table>
      </div>
      <div id="testMethodsByClass" style="display: none;">
         <table class="testMethodsTable" cellpadding="0" cellspacing="0">
            <tr>
               <td colspan="4">
                  <h3 style="display: inline;">login.LoginValidation</h3>
               </td>
            </tr>
            <tr class="methodsTableHeader">
               <td width="100%">Name</td>
               <td nowrap="true">Started</td>
               <td nowrap="true">Duration</td>
               <td>Exception</td>
            </tr>
            <tr id="login.LoginValidation_demoBfrSuite_byClass_PASS1_row"
                class="testMethodStatusPASS testMethodStatusCONF">
               <td width="100%" class="firstMethodCell">
                  <a onclick="toggleDetailsVisibility('login.LoginValidation_demoBfrSuite_byClass_PASS1_details')">demoBfrSuite()</a>
               </td>
               <td nowrap="true">07:36:01</td>
               <td nowrap="true" align="right">19s
                  
               </td>
               <td nowrap="true">
                   
                  
               </td>
            </tr>
            <tr>
               <td colspan="4" class="detailsBox">
                  <div id="login.LoginValidation_demoBfrSuite_byClass_PASS1_details"
                       class="testMethodDetails">
                     <div>
                        <b>Name: </b>demoBfrSuite
                     </div>
                     <div>
                        <b>Signature: </b>demoBfrSuite()[pri:0, instance:login.LoginValidation@42f30e0a]
                     </div>
                     <div>
                        <b>Start time: </b>07:36:01
                     </div>
                     <div>
                        <b>End time: </b>07:36:20
                     </div>
                     <div>
                        <b>Duration: </b>19s
                        
                     </div>
                  </div>
               </td>
            </tr>
            <tr></tr>
            <tr id="login.LoginValidation_f_byClass_PASS2_row" class="testMethodStatusPASS">
               <td width="100%" class="firstMethodCell">
                  <a onclick="toggleDetailsVisibility('login.LoginValidation_f_byClass_PASS2_details')">f(Welcome: Mercury Tours
                     
                     ,
                     
                     mercury
                     
                     ,
                     
                     mercury)
                  </a>
               </td>
               <td nowrap="true">07:36:20</td>
               <td nowrap="true" align="right">32s
                  
               </td>
               <td nowrap="true">
                   
                  
               </td>
            </tr>
            <tr>
               <td colspan="4" class="detailsBox">
                  <div id="login.LoginValidation_f_byClass_PASS2_details" class="testMethodDetails">
                     <div>
                        <b>Name: </b>f
                     </div>
                     <div>
                        <b>Signature: </b>f(java.lang.String, java.lang.String, java.lang.String)[pri:0, instance:login.LoginValidation@42f30e0a]
                     </div>
                     <div>
                        <b>Parameters: </b>
                        
                        Welcome: Mercury Tours
                        
                        ,
                        
                        mercury
                        
                        ,
                        
                        mercury
                        
                        
                     </div>
                     <div>
                        <b>Start time: </b>07:36:20
                     </div>
                     <div>
                        <b>End time: </b>07:36:53
                     </div>
                     <div>
                        <b>Duration: </b>32s
                        
                     </div>
                  </div>
               </td>
            </tr>
            <tr></tr>
            <tr id="login.LoginValidation_demoAftSuite_byClass_PASS3_row"
                class="testMethodStatusPASS testMethodStatusCONF">
               <td width="100%" class="firstMethodCell">
                  <a onclick="toggleDetailsVisibility('login.LoginValidation_demoAftSuite_byClass_PASS3_details')">demoAftSuite()</a>
               </td>
               <td nowrap="true">07:36:53</td>
               <td nowrap="true" align="right">459 ms
                  
               </td>
               <td nowrap="true">
                   
                  
               </td>
            </tr>
            <tr>
               <td colspan="4" class="detailsBox">
                  <div id="login.LoginValidation_demoAftSuite_byClass_PASS3_details"
                       class="testMethodDetails">
                     <div>
                        <b>Name: </b>demoAftSuite
                     </div>
                     <div>
                        <b>Signature: </b>demoAftSuite()[pri:0, instance:login.LoginValidation@42f30e0a]
                     </div>
                     <div>
                        <b>Start time: </b>07:36:53
                     </div>
                     <div>
                        <b>End time: </b>07:36:53
                     </div>
                     <div>
                        <b>Duration: </b>459 ms
                        
                     </div>
                  </div>
               </td>
            </tr>
            <tr></tr>
            <tr id="login.LoginValidation_demoBfrSuite_byClass_PASS4_row"
                class="testMethodStatusPASS testMethodStatusCONF">
               <td width="100%" class="firstMethodCell">
                  <a onclick="toggleDetailsVisibility('login.LoginValidation_demoBfrSuite_byClass_PASS4_details')">demoBfrSuite()</a>
               </td>
               <td nowrap="true">07:36:53</td>
               <td nowrap="true" align="right">7s
                  
               </td>
               <td nowrap="true">
                   
                  
               </td>
            </tr>
            <tr>
               <td colspan="4" class="detailsBox">
                  <div id="login.LoginValidation_demoBfrSuite_byClass_PASS4_details"
                       class="testMethodDetails">
                     <div>
                        <b>Name: </b>demoBfrSuite
                     </div>
                     <div>
                        <b>Signature: </b>demoBfrSuite()[pri:0, instance:login.LoginValidation@42f30e0a]
                     </div>
                     <div>
                        <b>Start time: </b>07:36:53
                     </div>
                     <div>
                        <b>End time: </b>07:37:00
                     </div>
                     <div>
                        <b>Duration: </b>7s
                        
                     </div>
                  </div>
               </td>
            </tr>
            <tr></tr>
            <tr id="login.LoginValidation_f_byClass_FAIL5_row" class="testMethodStatusFAIL">
               <td width="100%" class="firstMethodCell">
                  <a onclick="toggleDetailsVisibility('login.LoginValidation_f_byClass_FAIL5_details')">f(Welcome: Mercury Tours
                     
                     ,
                     
                     UserNameTwo
                     
                     ,
                     
                     PasswordTwo)
                  </a>
               </td>
               <td nowrap="true">07:37:00</td>
               <td nowrap="true" align="right">7s
                  
               </td>
               <td nowrap="true">
                  <a onclick="toggleDetailsVisibility('login.LoginValidation_f_byClass_FAIL5_exception')">org.openqa.selenium.NoSuchElementException: 
                     no such element: Unable to locate element: {"method":"link text","selector":"SIGN-OFF"}
                     (Session info: chrome=73.0.3683.103)
                     (Driver info: chromedriver=2.45.615291 (ec3682e3c9061c10f26ea9e5cdcf3c53f3f74387),platform=Windows NT 10.0.17134 x86_64) (WARNING:
                     The server did not provide any stacktrace information)
                     Command duration or timeout: 0 milliseconds
                     For documentation on this error, please visit: https://www.seleniumhq.org/exceptions/no_such_element.html
                     Build info: version: '3.141.59', revision: 'e82be7d358', time: '2018-11-14T08:25:53'
                     System info: host: 'DESKTOP-53SDACD', ip: '192.168.1.20', os.name: 'Windows 10', os.arch: 'amd64', os.version: '10.0', java.version:
                     '1.8.0_121'
                     Driver info: org.openqa.selenium.chrome.ChromeDriver
                     Capabilities {acceptInsecureCerts: false, acceptSslCerts: false, applicationCacheEnabled: false, browserConnectionEnabled:
                     false, browserName: chrome, chrome: {chromedriverVersion: 2.45.615291 (ec3682e3c9061c..., userDataDir: C:\Users\Neel\AppData\Local...},
                     cssSelectorsEnabled: true, databaseEnabled: false, goog:chromeOptions: {debuggerAddress: localhost:54409}, handlesAlerts:
                     true, hasTouchScreen: false, javascriptEnabled: true, locationContextEnabled: true, mobileEmulationEnabled: false, nativeEvents:
                     true, networkConnectionEnabled: false, pageLoadStrategy: normal, platform: XP, platformName: XP, proxy: Proxy(), rotatable:
                     false, setWindowRect: true, strictFileInteractability: false, takesHeapSnapshot: true, takesScreenshot: true, timeouts: {implicit:
                     0, pageLoad: 300000, script: 30000}, unexpectedAlertBehaviour: ignore, unhandledPromptBehavior: ignore, version: 73.0.3683.103,
                     webStorageEnabled: true}
                     Session ID: c19f160bdae69b728a364b4df69c76ff
                     *** Element info: {Using=link text, value=SIGN-OFF}
                     
                  </a>
                   
                  
               </td>
            </tr>
            <tr>
               <td colspan="4" class="detailsBox">
                  <div id="login.LoginValidation_f_byClass_FAIL5_details" class="testMethodDetails">
                     <div>
                        <b>Name: </b>f
                     </div>
                     <div>
                        <b>Signature: </b>f(java.lang.String, java.lang.String, java.lang.String)[pri:0, instance:login.LoginValidation@42f30e0a]
                     </div>
                     <div>
                        <b>Parameters: </b>
                        
                        Welcome: Mercury Tours
                        
                        ,
                        
                        UserNameTwo
                        
                        ,
                        
                        PasswordTwo
                        
                        
                     </div>
                     <div>
                        <b>Start time: </b>07:37:00
                     </div>
                     <div>
                        <b>End time: </b>07:37:08
                     </div>
                     <div>
                        <b>Duration: </b>7s
                        
                     </div>
                  </div>
               </td>
            </tr>
            <tr>
               <td colspan="4" class="detailsBox">
                  <div id="login.LoginValidation_f_byClass_FAIL5_exception" class="testMethodDetails">
                     <pre style="padding: 5px; margin: 0;">org.openqa.selenium.NoSuchElementException: no such element: Unable to locate element: {"method":"link text","selector":"SIGN-OFF"}
                        (Session info: chrome=73.0.3683.103)
                        (Driver info: chromedriver=2.45.615291 (ec3682e3c9061c10f26ea9e5cdcf3c53f3f74387),platform=Windows NT 10.0.17134 x86_64) (WARNING:
                        The server did not provide any stacktrace information)
                        Command duration or timeout: 0 milliseconds
                        For documentation on this error, please visit: https://www.seleniumhq.org/exceptions/no_such_element.html
                        Build info: version: '3.141.59', revision: 'e82be7d358', time: '2018-11-14T08:25:53'
                        System info: host: 'DESKTOP-53SDACD', ip: '192.168.1.20', os.name: 'Windows 10', os.arch: 'amd64', os.version: '10.0', java.version:
                        '1.8.0_121'
                        Driver info: org.openqa.selenium.chrome.ChromeDriver
                        Capabilities {acceptInsecureCerts: false, acceptSslCerts: false, applicationCacheEnabled: false, browserConnectionEnabled:
                        false, browserName: chrome, chrome: {chromedriverVersion: 2.45.615291 (ec3682e3c9061c..., userDataDir: C:\Users\Neel\AppData\Local...},
                        cssSelectorsEnabled: true, databaseEnabled: false, goog:chromeOptions: {debuggerAddress: localhost:54409}, handlesAlerts:
                        true, hasTouchScreen: false, javascriptEnabled: true, locationContextEnabled: true, mobileEmulationEnabled: false, nativeEvents:
                        true, networkConnectionEnabled: false, pageLoadStrategy: normal, platform: XP, platformName: XP, proxy: Proxy(), rotatable:
                        false, setWindowRect: true, strictFileInteractability: false, takesHeapSnapshot: true, takesScreenshot: true, timeouts: {implicit:
                        0, pageLoad: 300000, script: 30000}, unexpectedAlertBehaviour: ignore, unhandledPromptBehavior: ignore, version: 73.0.3683.103,
                        webStorageEnabled: true}
                        Session ID: c19f160bdae69b728a364b4df69c76ff
                        *** Element info: {Using=link text, value=SIGN-OFF}
                        	at sun.reflect.NativeConstructorAccessorImpl.newInstance0(Native Method)
                        	at sun.reflect.NativeConstructorAccessorImpl.newInstance(NativeConstructorAccessorImpl.java:62)
                        	at sun.reflect.DelegatingConstructorAccessorImpl.newInstance(DelegatingConstructorAccessorImpl.java:45)
                        	at java.lang.reflect.Constructor.newInstance(Constructor.java:423)
                        	at org.openqa.selenium.remote.ErrorHandler.createThrowable(ErrorHandler.java:214)
                        	at org.openqa.selenium.remote.ErrorHandler.throwIfResponseFailed(ErrorHandler.java:166)
                        	at org.openqa.selenium.remote.http.JsonHttpResponseCodec.reconstructValue(JsonHttpResponseCodec.java:40)
                        	at org.openqa.selenium.remote.http.AbstractHttpResponseCodec.decode(AbstractHttpResponseCodec.java:80)
                        	at org.openqa.selenium.remote.http.AbstractHttpResponseCodec.decode(AbstractHttpResponseCodec.java:44)
                        	at org.openqa.selenium.remote.HttpCommandExecutor.execute(HttpCommandExecutor.java:158)
                        	at org.openqa.selenium.remote.service.DriverCommandExecutor.execute(DriverCommandExecutor.java:83)
                        	at org.openqa.selenium.remote.RemoteWebDriver.execute(RemoteWebDriver.java:552)
                        	at org.openqa.selenium.remote.RemoteWebDriver.findElement(RemoteWebDriver.java:323)
                        	at org.openqa.selenium.remote.RemoteWebDriver.findElementByLinkText(RemoteWebDriver.java:380)
                        	at org.openqa.selenium.By$ByLinkText.findElement(By.java:220)
                        	at org.openqa.selenium.remote.RemoteWebDriver.findElement(RemoteWebDriver.java:315)
                        	at login.LoginValidation.f(LoginValidation.java:40)
                        	at sun.reflect.NativeMethodAccessorImpl.invoke0(Native Method)
                        	at sun.reflect.NativeMethodAccessorImpl.invoke(NativeMethodAccessorImpl.java:62)
                        	at sun.reflect.DelegatingMethodAccessorImpl.invoke(DelegatingMethodAccessorImpl.java:43)
                        	at java.lang.reflect.Method.invoke(Method.java:498)
                        	at org.testng.internal.MethodInvocationHelper.invokeMethod(MethodInvocationHelper.java:80)
                        	at org.testng.internal.Invoker.invokeMethod(Invoker.java:715)
                        	at org.testng.internal.Invoker.invokeTestMethod(Invoker.java:907)
                        	at org.testng.internal.Invoker.invokeTestMethods(Invoker.java:1237)
                        	at org.testng.internal.TestMethodWorker.invokeTestMethods(TestMethodWorker.java:127)
                        	at org.testng.internal.TestMethodWorker.run(TestMethodWorker.java:111)
                        	at org.testng.TestRunner.privateRun(TestRunner.java:767)
                        	at org.testng.TestRunner.run(TestRunner.java:617)
                        	at org.testng.SuiteRunner.runTest(SuiteRunner.java:334)
                        	at org.testng.SuiteRunner.runSequentially(SuiteRunner.java:329)
                        	at org.testng.SuiteRunner.privateRun(SuiteRunner.java:291)
                        	at org.testng.SuiteRunner.run(SuiteRunner.java:240)
                        	at org.testng.SuiteRunnerWorker.runSuite(SuiteRunnerWorker.java:51)
                        	at org.testng.SuiteRunnerWorker.run(SuiteRunnerWorker.java:85)
                        	at org.testng.TestNG.runSuitesSequentially(TestNG.java:1197)
                        	at org.testng.TestNG.runSuitesLocally(TestNG.java:1122)
                        	at org.testng.TestNG.run(TestNG.java:1030)
                        	at org.testng.TestNG.privateMain(TestNG.java:1337)
                        	at org.testng.TestNG.main(TestNG.java:1306)
                     </pre>
                  </div>
               </td>
            </tr>
            <tr id="login.LoginValidation_demoAftSuite_byClass_PASS6_row"
                class="testMethodStatusPASS testMethodStatusCONF">
               <td width="100%" class="firstMethodCell">
                  <a onclick="toggleDetailsVisibility('login.LoginValidation_demoAftSuite_byClass_PASS6_details')">demoAftSuite()</a>
               </td>
               <td nowrap="true">07:37:08</td>
               <td nowrap="true" align="right">224 ms
                  
               </td>
               <td nowrap="true">
                   
                  
               </td>
            </tr>
            <tr>
               <td colspan="4" class="detailsBox">
                  <div id="login.LoginValidation_demoAftSuite_byClass_PASS6_details"
                       class="testMethodDetails">
                     <div>
                        <b>Name: </b>demoAftSuite
                     </div>
                     <div>
                        <b>Signature: </b>demoAftSuite()[pri:0, instance:login.LoginValidation@42f30e0a]
                     </div>
                     <div>
                        <b>Start time: </b>07:37:08
                     </div>
                     <div>
                        <b>End time: </b>07:37:08
                     </div>
                     <div>
                        <b>Duration: </b>224 ms
                        
                     </div>
                  </div>
               </td>
            </tr>
            <tr></tr>
         </table>
         <br></br>
      </div>
      <div style="margin-top: 15px; color: gray; text-align: center; font-size: 9px;">
         Generated with
         
         <a href="http://code.google.com/p/testng-xslt/" style="color: #8888aa;"
            target="_blank">
            TestNG XSLT
            
         </a>
      </div>
   </body>
</html>