<?xml version="1.0" encoding="UTF-8"?>
<testng-results skipped="0" failed="1" total="4" passed="3">
  <reporter-output>
  </reporter-output>
  <suite name="New Tours" duration-ms="208321" started-at="2019-04-18T02:06:01Z" finished-at="2019-04-18T02:09:29Z">
    <groups>
    </groups>
    <test name="NewTours - Login" duration-ms="67382" started-at="2019-04-18T02:06:01Z" finished-at="2019-04-18T02:07:08Z">
      <class name="login.LoginValidation">
        <test-method status="PASS" signature="demoBfrSuite()[pri:0, instance:login.LoginValidation@42f30e0a]" name="demoBfrSuite" is-config="true" duration-ms="19298" started-at="2019-04-18T07:36:01Z" finished-at="2019-04-18T07:36:20Z">
          <reporter-output>
          </reporter-output>
        </test-method> <!-- demoBfrSuite -->
        <test-method status="PASS" signature="f(java.lang.String, java.lang.String, java.lang.String)[pri:0, instance:login.LoginValidation@42f30e0a]" name="f" duration-ms="32356" started-at="2019-04-18T07:36:20Z" data-provider="dp" finished-at="2019-04-18T07:36:53Z">
          <params>
            <param index="0">
              <value>
                <![CDATA[Welcome: Mercury Tours]]>
              </value>
            </param>
            <param index="1">
              <value>
                <![CDATA[mercury]]>
              </value>
            </param>
            <param index="2">
              <value>
                <![CDATA[mercury]]>
              </value>
            </param>
          </params>
          <reporter-output>
          </reporter-output>
        </test-method> <!-- f -->
        <test-method status="PASS" signature="demoAftSuite()[pri:0, instance:login.LoginValidation@42f30e0a]" name="demoAftSuite" is-config="true" duration-ms="459" started-at="2019-04-18T07:36:53Z" finished-at="2019-04-18T07:36:53Z">
          <reporter-output>
          </reporter-output>
        </test-method> <!-- demoAftSuite -->
        <test-method status="PASS" signature="demoBfrSuite()[pri:0, instance:login.LoginValidation@42f30e0a]" name="demoBfrSuite" is-config="true" duration-ms="7089" started-at="2019-04-18T07:36:53Z" finished-at="2019-04-18T07:37:00Z">
          <reporter-output>
          </reporter-output>
        </test-method> <!-- demoBfrSuite -->
        <test-method status="FAIL" signature="f(java.lang.String, java.lang.String, java.lang.String)[pri:0, instance:login.LoginValidation@42f30e0a]" name="f" duration-ms="7930" started-at="2019-04-18T07:37:00Z" data-provider="dp" finished-at="2019-04-18T07:37:08Z">
          <params>
            <param index="0">
              <value>
                <![CDATA[Welcome: Mercury Tours]]>
              </value>
            </param>
            <param index="1">
              <value>
                <![CDATA[UserNameTwo]]>
              </value>
            </param>
            <param index="2">
              <value>
                <![CDATA[PasswordTwo]]>
              </value>
            </param>
          </params>
          <exception class="org.openqa.selenium.NoSuchElementException">
            <message>
              <![CDATA[no such element: Unable to locate element: {"method":"link text","selector":"SIGN-OFF"}
  (Session info: chrome=73.0.3683.103)
  (Driver info: chromedriver=2.45.615291 (ec3682e3c9061c10f26ea9e5cdcf3c53f3f74387),platform=Windows NT 10.0.17134 x86_64) (WARNING: The server did not provide any stacktrace information)
Command duration or timeout: 0 milliseconds
For documentation on this error, please visit: https://www.seleniumhq.org/exceptions/no_such_element.html
Build info: version: '3.141.59', revision: 'e82be7d358', time: '2018-11-14T08:25:53'
System info: host: 'DESKTOP-53SDACD', ip: '192.168.1.20', os.name: 'Windows 10', os.arch: 'amd64', os.version: '10.0', java.version: '1.8.0_121'
Driver info: org.openqa.selenium.chrome.ChromeDriver
Capabilities {acceptInsecureCerts: false, acceptSslCerts: false, applicationCacheEnabled: false, browserConnectionEnabled: false, browserName: chrome, chrome: {chromedriverVersion: 2.45.615291 (ec3682e3c9061c..., userDataDir: C:\Users\Neel\AppData\Local...}, cssSelectorsEnabled: true, databaseEnabled: false, goog:chromeOptions: {debuggerAddress: localhost:54409}, handlesAlerts: true, hasTouchScreen: false, javascriptEnabled: true, locationContextEnabled: true, mobileEmulationEnabled: false, nativeEvents: true, networkConnectionEnabled: false, pageLoadStrategy: normal, platform: XP, platformName: XP, proxy: Proxy(), rotatable: false, setWindowRect: true, strictFileInteractability: false, takesHeapSnapshot: true, takesScreenshot: true, timeouts: {implicit: 0, pageLoad: 300000, script: 30000}, unexpectedAlertBehaviour: ignore, unhandledPromptBehavior: ignore, version: 73.0.3683.103, webStorageEnabled: true}
Session ID: c19f160bdae69b728a364b4df69c76ff
*** Element info: {Using=link text, value=SIGN-OFF}]]>
            </message>
            <full-stacktrace>
              <![CDATA[org.openqa.selenium.NoSuchElementException: no such element: Unable to locate element: {"method":"link text","selector":"SIGN-OFF"}
  (Session info: chrome=73.0.3683.103)
  (Driver info: chromedriver=2.45.615291 (ec3682e3c9061c10f26ea9e5cdcf3c53f3f74387),platform=Windows NT 10.0.17134 x86_64) (WARNING: The server did not provide any stacktrace information)
Command duration or timeout: 0 milliseconds
For documentation on this error, please visit: https://www.seleniumhq.org/exceptions/no_such_element.html
Build info: version: '3.141.59', revision: 'e82be7d358', time: '2018-11-14T08:25:53'
System info: host: 'DESKTOP-53SDACD', ip: '192.168.1.20', os.name: 'Windows 10', os.arch: 'amd64', os.version: '10.0', java.version: '1.8.0_121'
Driver info: org.openqa.selenium.chrome.ChromeDriver
Capabilities {acceptInsecureCerts: false, acceptSslCerts: false, applicationCacheEnabled: false, browserConnectionEnabled: false, browserName: chrome, chrome: {chromedriverVersion: 2.45.615291 (ec3682e3c9061c..., userDataDir: C:\Users\Neel\AppData\Local...}, cssSelectorsEnabled: true, databaseEnabled: false, goog:chromeOptions: {debuggerAddress: localhost:54409}, handlesAlerts: true, hasTouchScreen: false, javascriptEnabled: true, locationContextEnabled: true, mobileEmulationEnabled: false, nativeEvents: true, networkConnectionEnabled: false, pageLoadStrategy: normal, platform: XP, platformName: XP, proxy: Proxy(), rotatable: false, setWindowRect: true, strictFileInteractability: false, takesHeapSnapshot: true, takesScreenshot: true, timeouts: {implicit: 0, pageLoad: 300000, script: 30000}, unexpectedAlertBehaviour: ignore, unhandledPromptBehavior: ignore, version: 73.0.3683.103, webStorageEnabled: true}
Session ID: c19f160bdae69b728a364b4df69c76ff
*** Element info: {Using=link text, value=SIGN-OFF}
	at sun.reflect.NativeConstructorAccessorImpl.newInstance0(Native Method)
	at sun.reflect.NativeConstructorAccessorImpl.newInstance(NativeConstructorAccessorImpl.java:62)
	at sun.reflect.DelegatingConstructorAccessorImpl.newInstance(DelegatingConstructorAccessorImpl.java:45)
	at java.lang.reflect.Constructor.newInstance(Constructor.java:423)
	at org.openqa.selenium.remote.ErrorHandler.createThrowable(ErrorHandler.java:214)
	at org.openqa.selenium.remote.ErrorHandler.throwIfResponseFailed(ErrorHandler.java:166)
	at org.openqa.selenium.remote.http.JsonHttpResponseCodec.reconstructValue(JsonHttpResponseCodec.java:40)
	at org.openqa.selenium.remote.http.AbstractHttpResponseCodec.decode(AbstractHttpResponseCodec.java:80)
	at org.openqa.selenium.remote.http.AbstractHttpResponseCodec.decode(AbstractHttpResponseCodec.java:44)
	at org.openqa.selenium.remote.HttpCommandExecutor.execute(HttpCommandExecutor.java:158)
	at org.openqa.selenium.remote.service.DriverCommandExecutor.execute(DriverCommandExecutor.java:83)
	at org.openqa.selenium.remote.RemoteWebDriver.execute(RemoteWebDriver.java:552)
	at org.openqa.selenium.remote.RemoteWebDriver.findElement(RemoteWebDriver.java:323)
	at org.openqa.selenium.remote.RemoteWebDriver.findElementByLinkText(RemoteWebDriver.java:380)
	at org.openqa.selenium.By$ByLinkText.findElement(By.java:220)
	at org.openqa.selenium.remote.RemoteWebDriver.findElement(RemoteWebDriver.java:315)
	at login.LoginValidation.f(LoginValidation.java:40)
	at sun.reflect.NativeMethodAccessorImpl.invoke0(Native Method)
	at sun.reflect.NativeMethodAccessorImpl.invoke(NativeMethodAccessorImpl.java:62)
	at sun.reflect.DelegatingMethodAccessorImpl.invoke(DelegatingMethodAccessorImpl.java:43)
	at java.lang.reflect.Method.invoke(Method.java:498)
	at org.testng.internal.MethodInvocationHelper.invokeMethod(MethodInvocationHelper.java:80)
	at org.testng.internal.Invoker.invokeMethod(Invoker.java:715)
	at org.testng.internal.Invoker.invokeTestMethod(Invoker.java:907)
	at org.testng.internal.Invoker.invokeTestMethods(Invoker.java:1237)
	at org.testng.internal.TestMethodWorker.invokeTestMethods(TestMethodWorker.java:127)
	at org.testng.internal.TestMethodWorker.run(TestMethodWorker.java:111)
	at org.testng.TestRunner.privateRun(TestRunner.java:767)
	at org.testng.TestRunner.run(TestRunner.java:617)
	at org.testng.SuiteRunner.runTest(SuiteRunner.java:334)
	at org.testng.SuiteRunner.runSequentially(SuiteRunner.java:329)
	at org.testng.SuiteRunner.privateRun(SuiteRunner.java:291)
	at org.testng.SuiteRunner.run(SuiteRunner.java:240)
	at org.testng.SuiteRunnerWorker.runSuite(SuiteRunnerWorker.java:51)
	at org.testng.SuiteRunnerWorker.run(SuiteRunnerWorker.java:85)
	at org.testng.TestNG.runSuitesSequentially(TestNG.java:1197)
	at org.testng.TestNG.runSuitesLocally(TestNG.java:1122)
	at org.testng.TestNG.run(TestNG.java:1030)
	at org.testng.TestNG.privateMain(TestNG.java:1337)
	at org.testng.TestNG.main(TestNG.java:1306)
]]>
            </full-stacktrace>
          </exception> <!-- org.openqa.selenium.NoSuchElementException -->
          <reporter-output>
          </reporter-output>
        </test-method> <!-- f -->
        <test-method status="PASS" signature="demoAftSuite()[pri:0, instance:login.LoginValidation@42f30e0a]" name="demoAftSuite" is-config="true" duration-ms="224" started-at="2019-04-18T07:37:08Z" finished-at="2019-04-18T07:37:08Z">
          <reporter-output>
          </reporter-output>
        </test-method> <!-- demoAftSuite -->
      </class> <!-- login.LoginValidation -->
    </test> <!-- NewTours - Login -->
    <test name="NewTours - BookTickets" duration-ms="140790" started-at="2019-04-18T02:07:08Z" finished-at="2019-04-18T02:09:29Z">
      <class name="bookingTickets.BookTicketsValidation">
        <test-method status="PASS" signature="demoBfrSuite()[pri:0, instance:bookingTickets.BookTicketsValidation@629f0666]" name="demoBfrSuite" is-config="true" duration-ms="6069" started-at="2019-04-18T07:37:08Z" finished-at="2019-04-18T07:37:14Z">
          <reporter-output>
          </reporter-output>
        </test-method> <!-- demoBfrSuite -->
        <test-method status="PASS" signature="f(java.lang.String, java.lang.String, java.lang.String, java.lang.String, java.lang.String)[pri:0, instance:bookingTickets.BookTicketsValidation@629f0666]" name="f" duration-ms="102878" started-at="2019-04-18T07:37:14Z" data-provider="dp" finished-at="2019-04-18T07:38:57Z">
          <params>
            <param index="0">
              <value>
                <![CDATA[Welcome: Mercury Tours]]>
              </value>
            </param>
            <param index="1">
              <value>
                <![CDATA[mercury]]>
              </value>
            </param>
            <param index="2">
              <value>
                <![CDATA[mercury]]>
              </value>
            </param>
            <param index="3">
              <value>
                <![CDATA[oneway]]>
              </value>
            </param>
            <param index="4">
              <value>
                <![CDATA[New York]]>
              </value>
            </param>
          </params>
          <reporter-output>
          </reporter-output>
        </test-method> <!-- f -->
        <test-method status="PASS" signature="demoAftSuite()[pri:0, instance:bookingTickets.BookTicketsValidation@629f0666]" name="demoAftSuite" is-config="true" duration-ms="180" started-at="2019-04-18T07:38:57Z" finished-at="2019-04-18T07:38:58Z">
          <reporter-output>
          </reporter-output>
        </test-method> <!-- demoAftSuite -->
        <test-method status="PASS" signature="demoBfrSuite()[pri:0, instance:bookingTickets.BookTicketsValidation@629f0666]" name="demoBfrSuite" is-config="true" duration-ms="5924" started-at="2019-04-18T07:38:58Z" finished-at="2019-04-18T07:39:03Z">
          <reporter-output>
          </reporter-output>
        </test-method> <!-- demoBfrSuite -->
        <test-method status="PASS" signature="f(java.lang.String, java.lang.String, java.lang.String, java.lang.String, java.lang.String)[pri:0, instance:bookingTickets.BookTicketsValidation@629f0666]" name="f" duration-ms="23256" started-at="2019-04-18T07:39:03Z" data-provider="dp" finished-at="2019-04-18T07:39:27Z">
          <params>
            <param index="0">
              <value>
                <![CDATA[Welcome: Mercury Tours]]>
              </value>
            </param>
            <param index="1">
              <value>
                <![CDATA[mercury]]>
              </value>
            </param>
            <param index="2">
              <value>
                <![CDATA[mercury]]>
              </value>
            </param>
            <param index="3">
              <value>
                <![CDATA[roundtrip]]>
              </value>
            </param>
            <param index="4">
              <value>
                <![CDATA[London]]>
              </value>
            </param>
          </params>
          <reporter-output>
          </reporter-output>
        </test-method> <!-- f -->
        <test-method status="PASS" signature="demoAftSuite()[pri:0, instance:bookingTickets.BookTicketsValidation@629f0666]" name="demoAftSuite" is-config="true" duration-ms="2480" started-at="2019-04-18T07:39:27Z" finished-at="2019-04-18T07:39:29Z">
          <reporter-output>
          </reporter-output>
        </test-method> <!-- demoAftSuite -->
      </class> <!-- bookingTickets.BookTicketsValidation -->
    </test> <!-- NewTours - BookTickets -->
  </suite> <!-- New Tours -->
</testng-results>
